<?xml version="1.0" encoding="UTF-8"?>
<testng-results ignored="0" total="1" passed="1" failed="0" skipped="0">
  <reporter-output>
  </reporter-output>
  <suite started-at="2024-05-27T22:22:37 IST" name="Suite" finished-at="2024-05-27T22:22:57 IST" duration-ms="20397">
    <groups>
      <group name="sanity">
        <method signature="TC_001_LoginTest.verify_login_page()[pri:0, instance:testCases.TC_001_LoginTest@644baf4a]" name="verify_login_page" class="testCases.TC_001_LoginTest"/>
      </group> <!-- sanity -->
      <group name="testng">
        <method signature="TC_001_LoginTest.verify_login_page()[pri:0, instance:testCases.TC_001_LoginTest@644baf4a]" name="verify_login_page" class="testCases.TC_001_LoginTest"/>
      </group> <!-- testng -->
    </groups>
    <test started-at="2024-05-27T22:22:37 IST" name="Test" finished-at="2024-05-27T22:22:57 IST" duration-ms="20397">
      <class name="testCases.TC_001_LoginTest">
        <test-method is-config="true" signature="setup(java.lang.String,java.lang.String)[pri:0, instance:testCases.TC_001_LoginTest@644baf4a]" started-at="2024-05-27T22:22:37 IST" name="setup" finished-at="2024-05-27T22:22:50 IST" duration-ms="13163" status="PASS">
          <params>
            <param index="0">
              <value>
                <![CDATA[Windows]]>
              </value>
            </param>
            <param index="1">
              <value>
                <![CDATA[chrome]]>
              </value>
            </param>
          </params>
          <reporter-output>
          </reporter-output>
        </test-method> <!-- setup -->
        <test-method signature="verify_login_page()[pri:0, instance:testCases.TC_001_LoginTest@644baf4a]" started-at="2024-05-27T22:22:50 IST" name="verify_login_page" finished-at="2024-05-27T22:22:57 IST" duration-ms="6954" status="PASS">
          <reporter-output>
          </reporter-output>
        </test-method> <!-- verify_login_page -->
        <test-method is-config="true" signature="tearDown()[pri:0, instance:testCases.TC_001_LoginTest@644baf4a]" started-at="2024-05-27T22:22:57 IST" name="tearDown" finished-at="2024-05-27T22:22:57 IST" duration-ms="201" status="PASS">
          <reporter-output>
          </reporter-output>
        </test-method> <!-- tearDown -->
      </class> <!-- testCases.TC_001_LoginTest -->
    </test> <!-- Test -->
  </suite> <!-- Suite -->
</testng-results>
